<?xml version="1.0" encoding="UTF-8"?>
<testsuites name="2 - Home page test" time="119.972" tests="7" failures="1" errors="0">
   <testsuite name="2 - Home page test" tests="7" failures="1" errors="0" time="119.972" skipped="0" timestamp="2023-07-28 23:37:43" hostname="Administrator - NexusLite-PC.mshome.net" id="Test Suites/2 - Home page test">
      <properties>
         <property name="deviceName" value=""/>
         <property name="devicePlatform" value=""/>
         <property name="logFolder" value="C:\\Users\\Administrator\\git\\latihan\\Reports\\20230728_233734\\2 - Home page test\\20230728_233734"/>
         <property name="logFiles" value="C:\\Users\\Administrator\\git\\latihan\\Reports\\20230728_233734\\2 - Home page test\\20230728_233734\\execution0.log"/>
         <property name="attachments" value="C:\\Users\\Administrator\\git\\latihan\\Reports\\20230728_233734\\2 - Home page test\\20230728_233734\\1690562368111.png"/>
         <property name="hostName" value="Administrator - NexusLite-PC.mshome.net"/>
         <property name="os" value="Windows 10 64bit"/>
         <property name="katalonVersion" value="8.6.5.208"/>
         <property name="browser" value="Edge Chromium 115"/>
         <property name="hostAddress" value="192.168.137.30"/>
         <property name="sessionId" value="4c662e233232a6823ab718fc13c87672"/>
         <property name="seleniumVersion" value="3.141.59"/>
         <property name="proxyInformation" value="ProxyInformation { proxyOption=NO_PROXY, proxyServerType=HTTP, username=, password=********, proxyServerAddress=, proxyServerPort=0, executionList=&quot;&quot;, isApplyToDesiredCapabilities=true }"/>
         <property name="platform" value="Windows 10"/>
      </properties>
      <testcase name="Test Cases/S02 - Homepage/1 - Add to cart" time="24.646" classname="Test Cases/S02 - Homepage/1 - Add to cart" status="PASSED">
         <system-out><![CDATA[2023-07-28 23:37:44 - [TEST_CASE][PASSED] - Test Cases/S02 - Homepage/1 - Add to cart: Test Cases/S02 - Homepage/1 - Add to cart

2023-07-28 23:37:45 - [TEST_STEP][PASSED] - callTestCase(findTestCase("Login"), [:], STOP_ON_FAILURE): Call Test Case 'Test Cases/Login' successfully

2023-07-28 23:37:46 - [TEST_CASE][PASSED] - Test Cases/Login: Test Cases/Login

2023-07-28 23:37:47 - [TEST_STEP][PASSED] - openBrowser(""): Browser is opened with url: ''

2023-07-28 23:37:48 - [MESSAGE][INFO] - Starting 'Edge Chromium' driver

2023-07-28 23:37:51 - [MESSAGE][INFO] - Action delay is set to 0 milliseconds

2023-07-28 23:37:55 - [MESSAGE][PASSED] - Browser is opened with url: ''

2023-07-28 23:37:55 - [TEST_STEP][PASSED] - navigateToUrl("https://www.saucedemo.com/"): Navigate to 'https://www.saucedemo.com/' successfully

2023-07-28 23:38:03 - [MESSAGE][PASSED] - Navigate to 'https://www.saucedemo.com/' successfully

2023-07-28 23:38:03 - [TEST_STEP][PASSED] - setText(findTestObject("Login/Fld-Username"), username): Text 'standard_user' is set on object 'Object Repository/Login/Fld-Username'

2023-07-28 23:38:05 - [MESSAGE][PASSED] - Text 'standard_user' is set on object 'Object Repository/Login/Fld-Username'

2023-07-28 23:38:05 - [TEST_STEP][PASSED] - setText(findTestObject("Login/Fld-Password"), password): Text 'secret_sauce' is set on object 'Object Repository/Login/Fld-Password'

2023-07-28 23:38:06 - [MESSAGE][PASSED] - Text 'secret_sauce' is set on object 'Object Repository/Login/Fld-Password'

2023-07-28 23:38:06 - [TEST_STEP][PASSED] - click(findTestObject("Login/Btn-Login")): Object: 'Object Repository/Login/Btn-Login' is clicked on

2023-07-28 23:38:07 - [MESSAGE][PASSED] - Object: 'Object Repository/Login/Btn-Login' is clicked on

2023-07-28 23:38:07 - [MESSAGE][PASSED] - Call Test Case 'Test Cases/Login' successfully

2023-07-28 23:38:07 - [TEST_STEP][PASSED] - click(findTestObject("Home/Btn_Add to cart")): Object: 'Object Repository/Home/Btn_Add to cart' is clicked on

2023-07-28 23:38:08 - [MESSAGE][PASSED] - Object: 'Object Repository/Home/Btn_Add to cart' is clicked on

2023-07-28 23:38:08 - [TEST_STEP][PASSED] - closeBrowser(): Browser is closed

2023-07-28 23:38:09 - [MESSAGE][PASSED] - Browser is closed]]></system-out>
         <system-err><![CDATA[]]></system-err>
      </testcase>
      <testcase name="Test Cases/S02 - Homepage/10 - Logout" time="14.744" classname="Test Cases/S02 - Homepage/10 - Logout" status="PASSED">
         <system-out><![CDATA[2023-07-28 23:38:09 - [TEST_CASE][PASSED] - Test Cases/S02 - Homepage/10 - Logout: Test Cases/S02 - Homepage/10 - Logout

2023-07-28 23:38:10 - [TEST_STEP][PASSED] - callTestCase(findTestCase("Login"), [:], STOP_ON_FAILURE): Call Test Case 'Test Cases/Login' successfully

2023-07-28 23:38:10 - [TEST_CASE][PASSED] - Test Cases/Login: Test Cases/Login

2023-07-28 23:38:10 - [TEST_STEP][PASSED] - openBrowser(""): Browser is opened with url: ''

2023-07-28 23:38:10 - [MESSAGE][INFO] - Starting 'Edge Chromium' driver

2023-07-28 23:38:12 - [MESSAGE][INFO] - Action delay is set to 0 milliseconds

2023-07-28 23:38:14 - [MESSAGE][PASSED] - Browser is opened with url: ''

2023-07-28 23:38:14 - [TEST_STEP][PASSED] - navigateToUrl("https://www.saucedemo.com/"): Navigate to 'https://www.saucedemo.com/' successfully

2023-07-28 23:38:17 - [MESSAGE][PASSED] - Navigate to 'https://www.saucedemo.com/' successfully

2023-07-28 23:38:18 - [TEST_STEP][PASSED] - setText(findTestObject("Login/Fld-Username"), username): Text 'standard_user' is set on object 'Object Repository/Login/Fld-Username'

2023-07-28 23:38:19 - [MESSAGE][PASSED] - Text 'standard_user' is set on object 'Object Repository/Login/Fld-Username'

2023-07-28 23:38:19 - [TEST_STEP][PASSED] - setText(findTestObject("Login/Fld-Password"), password): Text 'secret_sauce' is set on object 'Object Repository/Login/Fld-Password'

2023-07-28 23:38:20 - [MESSAGE][PASSED] - Text 'secret_sauce' is set on object 'Object Repository/Login/Fld-Password'

2023-07-28 23:38:20 - [TEST_STEP][PASSED] - click(findTestObject("Login/Btn-Login")): Object: 'Object Repository/Login/Btn-Login' is clicked on

2023-07-28 23:38:21 - [MESSAGE][PASSED] - Object: 'Object Repository/Login/Btn-Login' is clicked on

2023-07-28 23:38:21 - [MESSAGE][PASSED] - Call Test Case 'Test Cases/Login' successfully

2023-07-28 23:38:21 - [TEST_STEP][PASSED] - click(findTestObject("Home/Btn_Open Menu")): Object: 'Object Repository/Home/Btn_Open Menu' is clicked on

2023-07-28 23:38:22 - [MESSAGE][PASSED] - Object: 'Object Repository/Home/Btn_Open Menu' is clicked on

2023-07-28 23:38:22 - [TEST_STEP][PASSED] - click(findTestObject("Home/Btn_Logout")): Object: 'Object Repository/Home/Btn_Logout' is clicked on

2023-07-28 23:38:23 - [MESSAGE][PASSED] - Object: 'Object Repository/Home/Btn_Logout' is clicked on

2023-07-28 23:38:23 - [TEST_STEP][PASSED] - closeBrowser(): Browser is closed

2023-07-28 23:38:24 - [MESSAGE][PASSED] - Browser is closed]]></system-out>
         <system-err><![CDATA[]]></system-err>
      </testcase>
      <testcase name="Test Cases/S02 - Homepage/2 - Add to cart (more then 1)" time="14.823" classname="Test Cases/S02 - Homepage/2 - Add to cart (more then 1)" status="PASSED">
         <system-out><![CDATA[2023-07-28 23:38:24 - [TEST_CASE][PASSED] - Test Cases/S02 - Homepage/2 - Add to cart (more then 1): Test Cases/S02 - Homepage/2 - Add to cart (more then 1)

2023-07-28 23:38:25 - [TEST_STEP][PASSED] - callTestCase(findTestCase("Login"), [:], STOP_ON_FAILURE): Call Test Case 'Test Cases/Login' successfully

2023-07-28 23:38:25 - [TEST_CASE][PASSED] - Test Cases/Login: Test Cases/Login

2023-07-28 23:38:25 - [TEST_STEP][PASSED] - openBrowser(""): Browser is opened with url: ''

2023-07-28 23:38:25 - [MESSAGE][INFO] - Starting 'Edge Chromium' driver

2023-07-28 23:38:27 - [MESSAGE][INFO] - Action delay is set to 0 milliseconds

2023-07-28 23:38:28 - [MESSAGE][PASSED] - Browser is opened with url: ''

2023-07-28 23:38:28 - [TEST_STEP][PASSED] - navigateToUrl("https://www.saucedemo.com/"): Navigate to 'https://www.saucedemo.com/' successfully

2023-07-28 23:38:32 - [MESSAGE][PASSED] - Navigate to 'https://www.saucedemo.com/' successfully

2023-07-28 23:38:32 - [TEST_STEP][PASSED] - setText(findTestObject("Login/Fld-Username"), username): Text 'standard_user' is set on object 'Object Repository/Login/Fld-Username'

2023-07-28 23:38:33 - [MESSAGE][PASSED] - Text 'standard_user' is set on object 'Object Repository/Login/Fld-Username'

2023-07-28 23:38:33 - [TEST_STEP][PASSED] - setText(findTestObject("Login/Fld-Password"), password): Text 'secret_sauce' is set on object 'Object Repository/Login/Fld-Password'

2023-07-28 23:38:34 - [MESSAGE][PASSED] - Text 'secret_sauce' is set on object 'Object Repository/Login/Fld-Password'

2023-07-28 23:38:34 - [TEST_STEP][PASSED] - click(findTestObject("Login/Btn-Login")): Object: 'Object Repository/Login/Btn-Login' is clicked on

2023-07-28 23:38:35 - [MESSAGE][PASSED] - Object: 'Object Repository/Login/Btn-Login' is clicked on

2023-07-28 23:38:35 - [MESSAGE][PASSED] - Call Test Case 'Test Cases/Login' successfully

2023-07-28 23:38:35 - [TEST_STEP][PASSED] - click(findTestObject("Home/Btn_Add to cart_Sauce labs backpack")): Object: 'Object Repository/Home/Btn_Add to cart_Sauce labs backpack' is clicked on

2023-07-28 23:38:36 - [MESSAGE][PASSED] - Object: 'Object Repository/Home/Btn_Add to cart_Sauce labs backpack' is clicked on

2023-07-28 23:38:36 - [TEST_STEP][PASSED] - click(findTestObject("Home/Btn_Add to cart_Sauce labs bike")): Object: 'Object Repository/Home/Btn_Add to cart_Sauce labs bike' is clicked on

2023-07-28 23:38:37 - [MESSAGE][PASSED] - Object: 'Object Repository/Home/Btn_Add to cart_Sauce labs bike' is clicked on

2023-07-28 23:38:37 - [TEST_STEP][PASSED] - click(findTestObject("Home/Btn_Add to cart_Sauce labs bolt")): Object: 'Object Repository/Home/Btn_Add to cart_Sauce labs bolt' is clicked on

2023-07-28 23:38:38 - [MESSAGE][PASSED] - Object: 'Object Repository/Home/Btn_Add to cart_Sauce labs bolt' is clicked on

2023-07-28 23:38:38 - [TEST_STEP][PASSED] - closeBrowser(): Browser is closed

2023-07-28 23:38:38 - [MESSAGE][PASSED] - Browser is closed]]></system-out>
         <system-err><![CDATA[]]></system-err>
      </testcase>
      <testcase name="Test Cases/S02 - Homepage/3 - Check cart" time="16.147" classname="Test Cases/S02 - Homepage/3 - Check cart" status="PASSED">
         <system-out><![CDATA[2023-07-28 23:38:38 - [TEST_CASE][PASSED] - Test Cases/S02 - Homepage/3 - Check cart: Test Cases/S02 - Homepage/3 - Check cart

2023-07-28 23:38:39 - [TEST_STEP][PASSED] - callTestCase(findTestCase("Login"), [:], STOP_ON_FAILURE): Call Test Case 'Test Cases/Login' successfully

2023-07-28 23:38:39 - [TEST_CASE][PASSED] - Test Cases/Login: Test Cases/Login

2023-07-28 23:38:40 - [TEST_STEP][PASSED] - openBrowser(""): Browser is opened with url: ''

2023-07-28 23:38:40 - [MESSAGE][INFO] - Starting 'Edge Chromium' driver

2023-07-28 23:38:42 - [MESSAGE][INFO] - Action delay is set to 0 milliseconds

2023-07-28 23:38:44 - [MESSAGE][PASSED] - Browser is opened with url: ''

2023-07-28 23:38:44 - [TEST_STEP][PASSED] - navigateToUrl("https://www.saucedemo.com/"): Navigate to 'https://www.saucedemo.com/' successfully

2023-07-28 23:38:49 - [MESSAGE][PASSED] - Navigate to 'https://www.saucedemo.com/' successfully

2023-07-28 23:38:49 - [TEST_STEP][PASSED] - setText(findTestObject("Login/Fld-Username"), username): Text 'standard_user' is set on object 'Object Repository/Login/Fld-Username'

2023-07-28 23:38:50 - [MESSAGE][PASSED] - Text 'standard_user' is set on object 'Object Repository/Login/Fld-Username'

2023-07-28 23:38:50 - [TEST_STEP][PASSED] - setText(findTestObject("Login/Fld-Password"), password): Text 'secret_sauce' is set on object 'Object Repository/Login/Fld-Password'

2023-07-28 23:38:51 - [MESSAGE][PASSED] - Text 'secret_sauce' is set on object 'Object Repository/Login/Fld-Password'

2023-07-28 23:38:51 - [TEST_STEP][PASSED] - click(findTestObject("Login/Btn-Login")): Object: 'Object Repository/Login/Btn-Login' is clicked on

2023-07-28 23:38:52 - [MESSAGE][PASSED] - Object: 'Object Repository/Login/Btn-Login' is clicked on

2023-07-28 23:38:52 - [MESSAGE][PASSED] - Call Test Case 'Test Cases/Login' successfully

2023-07-28 23:38:52 - [TEST_STEP][PASSED] - click(findTestObject("Home/Btn_Add to cart")): Object: 'Object Repository/Home/Btn_Add to cart' is clicked on

2023-07-28 23:38:53 - [MESSAGE][PASSED] - Object: 'Object Repository/Home/Btn_Add to cart' is clicked on

2023-07-28 23:38:53 - [TEST_STEP][PASSED] - click(findTestObject("Home/Btn_Cart")): Object: 'Object Repository/Home/Btn_Cart' is clicked on

2023-07-28 23:38:54 - [MESSAGE][PASSED] - Object: 'Object Repository/Home/Btn_Cart' is clicked on

2023-07-28 23:38:54 - [TEST_STEP][PASSED] - closeBrowser(): Browser is closed

2023-07-28 23:38:55 - [MESSAGE][PASSED] - Browser is closed]]></system-out>
         <system-err><![CDATA[]]></system-err>
      </testcase>
      <testcase name="Test Cases/S02 - Homepage/4 - Remove any product" time="15.699" classname="Test Cases/S02 - Homepage/4 - Remove any product" status="PASSED">
         <system-out><![CDATA[2023-07-28 23:38:55 - [TEST_CASE][PASSED] - Test Cases/S02 - Homepage/4 - Remove any product: Test Cases/S02 - Homepage/4 - Remove any product

2023-07-28 23:38:56 - [TEST_STEP][PASSED] - callTestCase(findTestCase("Login"), [:], STOP_ON_FAILURE): Call Test Case 'Test Cases/Login' successfully

2023-07-28 23:38:56 - [TEST_CASE][PASSED] - Test Cases/Login: Test Cases/Login

2023-07-28 23:38:56 - [TEST_STEP][PASSED] - openBrowser(""): Browser is opened with url: ''

2023-07-28 23:38:56 - [MESSAGE][INFO] - Starting 'Edge Chromium' driver

2023-07-28 23:38:58 - [MESSAGE][INFO] - Action delay is set to 0 milliseconds

2023-07-28 23:39:00 - [MESSAGE][PASSED] - Browser is opened with url: ''

2023-07-28 23:39:00 - [TEST_STEP][PASSED] - navigateToUrl("https://www.saucedemo.com/"): Navigate to 'https://www.saucedemo.com/' successfully

2023-07-28 23:39:04 - [MESSAGE][PASSED] - Navigate to 'https://www.saucedemo.com/' successfully

2023-07-28 23:39:04 - [TEST_STEP][PASSED] - setText(findTestObject("Login/Fld-Username"), username): Text 'standard_user' is set on object 'Object Repository/Login/Fld-Username'

2023-07-28 23:39:06 - [MESSAGE][PASSED] - Text 'standard_user' is set on object 'Object Repository/Login/Fld-Username'

2023-07-28 23:39:06 - [TEST_STEP][PASSED] - setText(findTestObject("Login/Fld-Password"), password): Text 'secret_sauce' is set on object 'Object Repository/Login/Fld-Password'

2023-07-28 23:39:07 - [MESSAGE][PASSED] - Text 'secret_sauce' is set on object 'Object Repository/Login/Fld-Password'

2023-07-28 23:39:07 - [TEST_STEP][PASSED] - click(findTestObject("Login/Btn-Login")): Object: 'Object Repository/Login/Btn-Login' is clicked on

2023-07-28 23:39:08 - [MESSAGE][PASSED] - Object: 'Object Repository/Login/Btn-Login' is clicked on

2023-07-28 23:39:08 - [MESSAGE][PASSED] - Call Test Case 'Test Cases/Login' successfully

2023-07-28 23:39:08 - [TEST_STEP][PASSED] - click(findTestObject("Home/Btn_Add to cart")): Object: 'Object Repository/Home/Btn_Add to cart' is clicked on

2023-07-28 23:39:09 - [MESSAGE][PASSED] - Object: 'Object Repository/Home/Btn_Add to cart' is clicked on

2023-07-28 23:39:09 - [TEST_STEP][PASSED] - click(findTestObject("Home/Btn_Remove")): Object: 'Object Repository/Home/Btn_Remove' is clicked on

2023-07-28 23:39:09 - [MESSAGE][PASSED] - Object: 'Object Repository/Home/Btn_Remove' is clicked on

2023-07-28 23:39:09 - [TEST_STEP][PASSED] - closeBrowser(): Browser is closed

2023-07-28 23:39:10 - [MESSAGE][PASSED] - Browser is closed]]></system-out>
         <system-err><![CDATA[]]></system-err>
      </testcase>
      <testcase name="Test Cases/S02 - Homepage/5 - Sort product" time="17.533" classname="Test Cases/S02 - Homepage/5 - Sort product" status="FAILED">
         <failure type="FAILED" message="Test Cases/S02 - Homepage/5 - Sort product FAILED.
Reason:
com.kms.katalon.core.exception.StepFailedException: Unable to select option by value 'za' of object 'Object Repository/Home/Sorting'  using regular expression
	at com.kms.katalon.core.webui.keyword.internal.WebUIKeywordMain.stepFailed(WebUIKeywordMain.groovy:64)
	at com.kms.katalon.core.webui.keyword.internal.WebUIKeywordMain.runKeyword(WebUIKeywordMain.groovy:26)
	at com.kms.katalon.core.webui.keyword.builtin.SelectOptionByValueKeyword.selectOptionByValue(SelectOptionByValueKeyword.groovy:99)
	at com.kms.katalon.core.webui.keyword.builtin.SelectOptionByValueKeyword.execute(SelectOptionByValueKeyword.groovy:71)
	at com.kms.katalon.core.keyword.internal.KeywordExecutor.executeKeywordForPlatform(KeywordExecutor.groovy:74)
	at com.kms.katalon.core.webui.keyword.WebUiBuiltInKeywords.selectOptionByValue(WebUiBuiltInKeywords.groovy:1168)
	at com.kms.katalon.core.webui.keyword.WebUiBuiltInKeywords$selectOptionByValue$4.call(Unknown Source)
	at 5 - Sort product.run(5 - Sort product:22)
	at com.kms.katalon.core.main.ScriptEngine.run(ScriptEngine.java:194)
	at com.kms.katalon.core.main.ScriptEngine.runScriptAsRawText(ScriptEngine.java:119)
	at com.kms.katalon.core.main.TestCaseExecutor.runScript(TestCaseExecutor.java:448)
	at com.kms.katalon.core.main.TestCaseExecutor.doExecute(TestCaseExecutor.java:439)
	at com.kms.katalon.core.main.TestCaseExecutor.processExecutionPhase(TestCaseExecutor.java:418)
	at com.kms.katalon.core.main.TestCaseExecutor.accessMainPhase(TestCaseExecutor.java:410)
	at com.kms.katalon.core.main.TestCaseExecutor.execute(TestCaseExecutor.java:285)
	at com.kms.katalon.core.common.CommonExecutor.accessTestCaseMainPhase(CommonExecutor.java:65)
	at com.kms.katalon.core.main.TestSuiteExecutor.accessTestSuiteMainPhase(TestSuiteExecutor.java:148)
	at com.kms.katalon.core.main.TestSuiteExecutor.execute(TestSuiteExecutor.java:106)
	at com.kms.katalon.core.main.TestCaseMain.startTestSuite(TestCaseMain.java:187)
	at com.kms.katalon.core.main.TestCaseMain$startTestSuite$0.call(Unknown Source)
	at TempTestSuite1690562254897.run(TempTestSuite1690562254897.groovy:36)
Caused by: org.openqa.selenium.StaleElementReferenceException: stale element reference: stale element not found
  (Session info: MicrosoftEdge=115.0.1901.183)
For documentation on this error, please visit: https://www.seleniumhq.org/exceptions/stale_element_reference.html
Build info: version: '3.141.59', revision: 'e82be7d358', time: '2018-11-14T08:25:53'
System info: host: 'NEXUSLITE-PC', ip: '192.168.137.30', os.name: 'Windows 10', os.arch: 'amd64', os.version: '10.0', java.version: '1.8.0_362'
Driver info: com.kms.katalon.selenium.driver.CEdgeDriver
Capabilities {acceptInsecureCerts: false, browserName: msedge, browserVersion: 115.0.1901.183, javascriptEnabled: true, ms:edgeOptions: {debuggerAddress: localhost:64396}, msedge: {msedgedriverVersion: 115.0.1901.183 (db29db5e66a..., userDataDir: C:\Program Files (x86)\scop...}, networkConnectionEnabled: false, pageLoadStrategy: normal, platform: WINDOWS, platformName: WINDOWS, proxy: Proxy(), setWindowRect: true, strictFileInteractability: false, timeouts: {implicit: 0, pageLoad: 300000, script: 30000}, unhandledPromptBehavior: dismiss and notify, webauthn:extension:credBlob: true, webauthn:extension:largeBlob: true, webauthn:extension:minPinLength: true, webauthn:extension:prf: true, webauthn:virtualAuthenticators: true}
Session ID: 244e4cfcdca15170402fecda10ee6bea
	at org.openqa.selenium.remote.http.W3CHttpResponseCodec.createException(W3CHttpResponseCodec.java:187)
	at org.openqa.selenium.remote.http.W3CHttpResponseCodec.decode(W3CHttpResponseCodec.java:122)
	at org.openqa.selenium.remote.http.W3CHttpResponseCodec.decode(W3CHttpResponseCodec.java:49)
	at org.openqa.selenium.remote.HttpCommandExecutor.execute(HttpCommandExecutor.java:158)
	at org.openqa.selenium.remote.service.DriverCommandExecutor.execute(DriverCommandExecutor.java:83)
	at org.openqa.selenium.remote.RemoteWebDriver.execute(RemoteWebDriver.java:552)
	at com.kms.katalon.selenium.driver.CEdgeDriver.execute(CEdgeDriver.java:20)
	at org.openqa.selenium.remote.RemoteWebElement.execute(RemoteWebElement.java:285)
	at org.openqa.selenium.remote.RemoteWebElement.getAttribute(RemoteWebElement.java:134)
	at org.openqa.selenium.support.events.EventFiringWebDriver$EventFiringWebElement.lambda$new$0(EventFiringWebDriver.java:404)
	at com.sun.proxy.$Proxy11.getAttribute(Unknown Source)
	at org.openqa.selenium.support.events.EventFiringWebDriver$EventFiringWebElement.getAttribute(EventFiringWebDriver.java:447)
	at com.kms.katalon.core.webui.common.WebUiCommonHelper.selectOrDeselectOptionsByValueByRegularExpression(WebUiCommonHelper.java:279)
	at com.kms.katalon.core.webui.common.WebUiCommonHelper.selectOrDeselectOptionsByValue(WebUiCommonHelper.java:263)
	at com.kms.katalon.core.webui.keyword.builtin.SelectOptionByValueKeyword$_selectOptionByValue_closure1.doCall(SelectOptionByValueKeyword.groovy:88)
	at com.kms.katalon.core.webui.keyword.builtin.SelectOptionByValueKeyword$_selectOptionByValue_closure1.call(SelectOptionByValueKeyword.groovy)
	at com.kms.katalon.core.webui.keyword.internal.WebUIKeywordMain.runKeyword(WebUIKeywordMain.groovy:20)
	... 19 more
"/>
         <system-out><![CDATA[2023-07-28 23:39:10 - [TEST_CASE][FAILED] - Test Cases/S02 - Homepage/5 - Sort product: Test Cases/S02 - Homepage/5 - Sort product FAILED.
Reason:
com.kms.katalon.core.exception.StepFailedException: Unable to select option by value 'za' of object 'Object Repository/Home/Sorting'  using regular expression
	at com.kms.katalon.core.webui.keyword.internal.WebUIKeywordMain.stepFailed(WebUIKeywordMain.groovy:64)
	at com.kms.katalon.core.webui.keyword.internal.WebUIKeywordMain.runKeyword(WebUIKeywordMain.groovy:26)
	at com.kms.katalon.core.webui.keyword.builtin.SelectOptionByValueKeyword.selectOptionByValue(SelectOptionByValueKeyword.groovy:99)
	at com.kms.katalon.core.webui.keyword.builtin.SelectOptionByValueKeyword.execute(SelectOptionByValueKeyword.groovy:71)
	at com.kms.katalon.core.keyword.internal.KeywordExecutor.executeKeywordForPlatform(KeywordExecutor.groovy:74)
	at com.kms.katalon.core.webui.keyword.WebUiBuiltInKeywords.selectOptionByValue(WebUiBuiltInKeywords.groovy:1168)
	at com.kms.katalon.core.webui.keyword.WebUiBuiltInKeywords$selectOptionByValue$4.call(Unknown Source)
	at 5 - Sort product.run(5 - Sort product:22)
	at com.kms.katalon.core.main.ScriptEngine.run(ScriptEngine.java:194)
	at com.kms.katalon.core.main.ScriptEngine.runScriptAsRawText(ScriptEngine.java:119)
	at com.kms.katalon.core.main.TestCaseExecutor.runScript(TestCaseExecutor.java:448)
	at com.kms.katalon.core.main.TestCaseExecutor.doExecute(TestCaseExecutor.java:439)
	at com.kms.katalon.core.main.TestCaseExecutor.processExecutionPhase(TestCaseExecutor.java:418)
	at com.kms.katalon.core.main.TestCaseExecutor.accessMainPhase(TestCaseExecutor.java:410)
	at com.kms.katalon.core.main.TestCaseExecutor.execute(TestCaseExecutor.java:285)
	at com.kms.katalon.core.common.CommonExecutor.accessTestCaseMainPhase(CommonExecutor.java:65)
	at com.kms.katalon.core.main.TestSuiteExecutor.accessTestSuiteMainPhase(TestSuiteExecutor.java:148)
	at com.kms.katalon.core.main.TestSuiteExecutor.execute(TestSuiteExecutor.java:106)
	at com.kms.katalon.core.main.TestCaseMain.startTestSuite(TestCaseMain.java:187)
	at com.kms.katalon.core.main.TestCaseMain$startTestSuite$0.call(Unknown Source)
	at TempTestSuite1690562254897.run(TempTestSuite1690562254897.groovy:36)
Caused by: org.openqa.selenium.StaleElementReferenceException: stale element reference: stale element not found
  (Session info: MicrosoftEdge=115.0.1901.183)
For documentation on this error, please visit: https://www.seleniumhq.org/exceptions/stale_element_reference.html
Build info: version: '3.141.59', revision: 'e82be7d358', time: '2018-11-14T08:25:53'
System info: host: 'NEXUSLITE-PC', ip: '192.168.137.30', os.name: 'Windows 10', os.arch: 'amd64', os.version: '10.0', java.version: '1.8.0_362'
Driver info: com.kms.katalon.selenium.driver.CEdgeDriver
Capabilities {acceptInsecureCerts: false, browserName: msedge, browserVersion: 115.0.1901.183, javascriptEnabled: true, ms:edgeOptions: {debuggerAddress: localhost:64396}, msedge: {msedgedriverVersion: 115.0.1901.183 (db29db5e66a..., userDataDir: C:\Program Files (x86)\scop...}, networkConnectionEnabled: false, pageLoadStrategy: normal, platform: WINDOWS, platformName: WINDOWS, proxy: Proxy(), setWindowRect: true, strictFileInteractability: false, timeouts: {implicit: 0, pageLoad: 300000, script: 30000}, unhandledPromptBehavior: dismiss and notify, webauthn:extension:credBlob: true, webauthn:extension:largeBlob: true, webauthn:extension:minPinLength: true, webauthn:extension:prf: true, webauthn:virtualAuthenticators: true}
Session ID: 244e4cfcdca15170402fecda10ee6bea
	at org.openqa.selenium.remote.http.W3CHttpResponseCodec.createException(W3CHttpResponseCodec.java:187)
	at org.openqa.selenium.remote.http.W3CHttpResponseCodec.decode(W3CHttpResponseCodec.java:122)
	at org.openqa.selenium.remote.http.W3CHttpResponseCodec.decode(W3CHttpResponseCodec.java:49)
	at org.openqa.selenium.remote.HttpCommandExecutor.execute(HttpCommandExecutor.java:158)
	at org.openqa.selenium.remote.service.DriverCommandExecutor.execute(DriverCommandExecutor.java:83)
	at org.openqa.selenium.remote.RemoteWebDriver.execute(RemoteWebDriver.java:552)
	at com.kms.katalon.selenium.driver.CEdgeDriver.execute(CEdgeDriver.java:20)
	at org.openqa.selenium.remote.RemoteWebElement.execute(RemoteWebElement.java:285)
	at org.openqa.selenium.remote.RemoteWebElement.getAttribute(RemoteWebElement.java:134)
	at org.openqa.selenium.support.events.EventFiringWebDriver$EventFiringWebElement.lambda$new$0(EventFiringWebDriver.java:404)
	at com.sun.proxy.$Proxy11.getAttribute(Unknown Source)
	at org.openqa.selenium.support.events.EventFiringWebDriver$EventFiringWebElement.getAttribute(EventFiringWebDriver.java:447)
	at com.kms.katalon.core.webui.common.WebUiCommonHelper.selectOrDeselectOptionsByValueByRegularExpression(WebUiCommonHelper.java:279)
	at com.kms.katalon.core.webui.common.WebUiCommonHelper.selectOrDeselectOptionsByValue(WebUiCommonHelper.java:263)
	at com.kms.katalon.core.webui.keyword.builtin.SelectOptionByValueKeyword$_selectOptionByValue_closure1.doCall(SelectOptionByValueKeyword.groovy:88)
	at com.kms.katalon.core.webui.keyword.builtin.SelectOptionByValueKeyword$_selectOptionByValue_closure1.call(SelectOptionByValueKeyword.groovy)
	at com.kms.katalon.core.webui.keyword.internal.WebUIKeywordMain.runKeyword(WebUIKeywordMain.groovy:20)
	... 19 more


2023-07-28 23:39:11 - [TEST_STEP][PASSED] - callTestCase(findTestCase("Login"), [:], STOP_ON_FAILURE): Call Test Case 'Test Cases/Login' successfully

2023-07-28 23:39:11 - [TEST_CASE][PASSED] - Test Cases/Login: Test Cases/Login

2023-07-28 23:39:11 - [TEST_STEP][PASSED] - openBrowser(""): Browser is opened with url: ''

2023-07-28 23:39:11 - [MESSAGE][INFO] - Starting 'Edge Chromium' driver

2023-07-28 23:39:14 - [MESSAGE][INFO] - Action delay is set to 0 milliseconds

2023-07-28 23:39:16 - [MESSAGE][PASSED] - Browser is opened with url: ''

2023-07-28 23:39:16 - [TEST_STEP][PASSED] - navigateToUrl("https://www.saucedemo.com/"): Navigate to 'https://www.saucedemo.com/' successfully

2023-07-28 23:39:21 - [MESSAGE][PASSED] - Navigate to 'https://www.saucedemo.com/' successfully

2023-07-28 23:39:21 - [TEST_STEP][PASSED] - setText(findTestObject("Login/Fld-Username"), username): Text 'standard_user' is set on object 'Object Repository/Login/Fld-Username'

2023-07-28 23:39:22 - [MESSAGE][PASSED] - Text 'standard_user' is set on object 'Object Repository/Login/Fld-Username'

2023-07-28 23:39:22 - [TEST_STEP][PASSED] - setText(findTestObject("Login/Fld-Password"), password): Text 'secret_sauce' is set on object 'Object Repository/Login/Fld-Password'

2023-07-28 23:39:23 - [MESSAGE][PASSED] - Text 'secret_sauce' is set on object 'Object Repository/Login/Fld-Password'

2023-07-28 23:39:23 - [TEST_STEP][PASSED] - click(findTestObject("Login/Btn-Login")): Object: 'Object Repository/Login/Btn-Login' is clicked on

2023-07-28 23:39:24 - [MESSAGE][PASSED] - Object: 'Object Repository/Login/Btn-Login' is clicked on

2023-07-28 23:39:24 - [MESSAGE][PASSED] - Call Test Case 'Test Cases/Login' successfully

2023-07-28 23:39:24 - [TEST_STEP][FAILED] - selectOptionByValue(findTestObject("Home/Sorting"), "za", true): Unable to select option by value 'za' of object 'Object Repository/Home/Sorting'  using regular expression (Root cause: com.kms.katalon.core.exception.StepFailedException: Unable to select option by value 'za' of object 'Object Repository/Home/Sorting'  using regular expression
	at com.kms.katalon.core.webui.keyword.internal.WebUIKeywordMain.stepFailed(WebUIKeywordMain.groovy:64)
	at com.kms.katalon.core.webui.keyword.internal.WebUIKeywordMain.runKeyword(WebUIKeywordMain.groovy:26)
	at com.kms.katalon.core.webui.keyword.builtin.SelectOptionByValueKeyword.selectOptionByValue(SelectOptionByValueKeyword.groovy:99)
	at com.kms.katalon.core.webui.keyword.builtin.SelectOptionByValueKeyword.execute(SelectOptionByValueKeyword.groovy:71)
	at com.kms.katalon.core.keyword.internal.KeywordExecutor.executeKeywordForPlatform(KeywordExecutor.groovy:74)
	at com.kms.katalon.core.webui.keyword.WebUiBuiltInKeywords.selectOptionByValue(WebUiBuiltInKeywords.groovy:1168)
	at com.kms.katalon.core.webui.keyword.WebUiBuiltInKeywords$selectOptionByValue$4.call(Unknown Source)
	at 5 - Sort product.run(5 - Sort product:22)
	at com.kms.katalon.core.main.ScriptEngine.run(ScriptEngine.java:194)
	at com.kms.katalon.core.main.ScriptEngine.runScriptAsRawText(ScriptEngine.java:119)
	at com.kms.katalon.core.main.TestCaseExecutor.runScript(TestCaseExecutor.java:448)
	at com.kms.katalon.core.main.TestCaseExecutor.doExecute(TestCaseExecutor.java:439)
	at com.kms.katalon.core.main.TestCaseExecutor.processExecutionPhase(TestCaseExecutor.java:418)
	at com.kms.katalon.core.main.TestCaseExecutor.accessMainPhase(TestCaseExecutor.java:410)
	at com.kms.katalon.core.main.TestCaseExecutor.execute(TestCaseExecutor.java:285)
	at com.kms.katalon.core.common.CommonExecutor.accessTestCaseMainPhase(CommonExecutor.java:65)
	at com.kms.katalon.core.main.TestSuiteExecutor.accessTestSuiteMainPhase(TestSuiteExecutor.java:148)
	at com.kms.katalon.core.main.TestSuiteExecutor.execute(TestSuiteExecutor.java:106)
	at com.kms.katalon.core.main.TestCaseMain.startTestSuite(TestCaseMain.java:187)
	at com.kms.katalon.core.main.TestCaseMain$startTestSuite$0.call(Unknown Source)
	at TempTestSuite1690562254897.run(TempTestSuite1690562254897.groovy:36)
Caused by: org.openqa.selenium.StaleElementReferenceException: stale element reference: stale element not found
  (Session info: MicrosoftEdge=115.0.1901.183)
For documentation on this error, please visit: https://www.seleniumhq.org/exceptions/stale_element_reference.html
Build info: version: '3.141.59', revision: 'e82be7d358', time: '2018-11-14T08:25:53'
System info: host: 'NEXUSLITE-PC', ip: '192.168.137.30', os.name: 'Windows 10', os.arch: 'amd64', os.version: '10.0', java.version: '1.8.0_362'
Driver info: com.kms.katalon.selenium.driver.CEdgeDriver
Capabilities {acceptInsecureCerts: false, browserName: msedge, browserVersion: 115.0.1901.183, javascriptEnabled: true, ms:edgeOptions: {debuggerAddress: localhost:64396}, msedge: {msedgedriverVersion: 115.0.1901.183 (db29db5e66a..., userDataDir: C:\Program Files (x86)\scop...}, networkConnectionEnabled: false, pageLoadStrategy: normal, platform: WINDOWS, platformName: WINDOWS, proxy: Proxy(), setWindowRect: true, strictFileInteractability: false, timeouts: {implicit: 0, pageLoad: 300000, script: 30000}, unhandledPromptBehavior: dismiss and notify, webauthn:extension:credBlob: true, webauthn:extension:largeBlob: true, webauthn:extension:minPinLength: true, webauthn:extension:prf: true, webauthn:virtualAuthenticators: true}
Session ID: 244e4cfcdca15170402fecda10ee6bea
	at org.openqa.selenium.remote.http.W3CHttpResponseCodec.createException(W3CHttpResponseCodec.java:187)
	at org.openqa.selenium.remote.http.W3CHttpResponseCodec.decode(W3CHttpResponseCodec.java:122)
	at org.openqa.selenium.remote.http.W3CHttpResponseCodec.decode(W3CHttpResponseCodec.java:49)
	at org.openqa.selenium.remote.HttpCommandExecutor.execute(HttpCommandExecutor.java:158)
	at org.openqa.selenium.remote.service.DriverCommandExecutor.execute(DriverCommandExecutor.java:83)
	at org.openqa.selenium.remote.RemoteWebDriver.execute(RemoteWebDriver.java:552)
	at com.kms.katalon.selenium.driver.CEdgeDriver.execute(CEdgeDriver.java:20)
	at org.openqa.selenium.remote.RemoteWebElement.execute(RemoteWebElement.java:285)
	at org.openqa.selenium.remote.RemoteWebElement.getAttribute(RemoteWebElement.java:134)
	at org.openqa.selenium.support.events.EventFiringWebDriver$EventFiringWebElement.lambda$new$0(EventFiringWebDriver.java:404)
	at com.sun.proxy.$Proxy11.getAttribute(Unknown Source)
	at org.openqa.selenium.support.events.EventFiringWebDriver$EventFiringWebElement.getAttribute(EventFiringWebDriver.java:447)
	at com.kms.katalon.core.webui.common.WebUiCommonHelper.selectOrDeselectOptionsByValueByRegularExpression(WebUiCommonHelper.java:279)
	at com.kms.katalon.core.webui.common.WebUiCommonHelper.selectOrDeselectOptionsByValue(WebUiCommonHelper.java:263)
	at com.kms.katalon.core.webui.keyword.builtin.SelectOptionByValueKeyword$_selectOptionByValue_closure1.doCall(SelectOptionByValueKeyword.groovy:88)
	at com.kms.katalon.core.webui.keyword.builtin.SelectOptionByValueKeyword$_selectOptionByValue_closure1.call(SelectOptionByValueKeyword.groovy)
	at com.kms.katalon.core.webui.keyword.internal.WebUIKeywordMain.runKeyword(WebUIKeywordMain.groovy:20)
	at com.kms.katalon.core.webui.keyword.builtin.SelectOptionByValueKeyword.selectOptionByValue(SelectOptionByValueKeyword.groovy:99)
	at com.kms.katalon.core.webui.keyword.builtin.SelectOptionByValueKeyword.execute(SelectOptionByValueKeyword.groovy:71)
	at com.kms.katalon.core.keyword.internal.KeywordExecutor.executeKeywordForPlatform(KeywordExecutor.groovy:74)
	at com.kms.katalon.core.webui.keyword.WebUiBuiltInKeywords.selectOptionByValue(WebUiBuiltInKeywords.groovy:1168)
	at com.kms.katalon.core.webui.keyword.WebUiBuiltInKeywords$selectOptionByValue$4.call(Unknown Source)
	at Script1690471168659.run(Script1690471168659.groovy:22)
	... 13 more
)

2023-07-28 23:39:28 - [MESSAGE][FAILED] - Unable to select option by value 'za' of object 'Object Repository/Home/Sorting'  using regular expression (Root cause: com.kms.katalon.core.exception.StepFailedException: Unable to select option by value 'za' of object 'Object Repository/Home/Sorting'  using regular expression
	at com.kms.katalon.core.webui.keyword.internal.WebUIKeywordMain.stepFailed(WebUIKeywordMain.groovy:64)
	at com.kms.katalon.core.webui.keyword.internal.WebUIKeywordMain.runKeyword(WebUIKeywordMain.groovy:26)
	at com.kms.katalon.core.webui.keyword.builtin.SelectOptionByValueKeyword.selectOptionByValue(SelectOptionByValueKeyword.groovy:99)
	at com.kms.katalon.core.webui.keyword.builtin.SelectOptionByValueKeyword.execute(SelectOptionByValueKeyword.groovy:71)
	at com.kms.katalon.core.keyword.internal.KeywordExecutor.executeKeywordForPlatform(KeywordExecutor.groovy:74)
	at com.kms.katalon.core.webui.keyword.WebUiBuiltInKeywords.selectOptionByValue(WebUiBuiltInKeywords.groovy:1168)
	at com.kms.katalon.core.webui.keyword.WebUiBuiltInKeywords$selectOptionByValue$4.call(Unknown Source)
	at 5 - Sort product.run(5 - Sort product:22)
	at com.kms.katalon.core.main.ScriptEngine.run(ScriptEngine.java:194)
	at com.kms.katalon.core.main.ScriptEngine.runScriptAsRawText(ScriptEngine.java:119)
	at com.kms.katalon.core.main.TestCaseExecutor.runScript(TestCaseExecutor.java:448)
	at com.kms.katalon.core.main.TestCaseExecutor.doExecute(TestCaseExecutor.java:439)
	at com.kms.katalon.core.main.TestCaseExecutor.processExecutionPhase(TestCaseExecutor.java:418)
	at com.kms.katalon.core.main.TestCaseExecutor.accessMainPhase(TestCaseExecutor.java:410)
	at com.kms.katalon.core.main.TestCaseExecutor.execute(TestCaseExecutor.java:285)
	at com.kms.katalon.core.common.CommonExecutor.accessTestCaseMainPhase(CommonExecutor.java:65)
	at com.kms.katalon.core.main.TestSuiteExecutor.accessTestSuiteMainPhase(TestSuiteExecutor.java:148)
	at com.kms.katalon.core.main.TestSuiteExecutor.execute(TestSuiteExecutor.java:106)
	at com.kms.katalon.core.main.TestCaseMain.startTestSuite(TestCaseMain.java:187)
	at com.kms.katalon.core.main.TestCaseMain$startTestSuite$0.call(Unknown Source)
	at TempTestSuite1690562254897.run(TempTestSuite1690562254897.groovy:36)
Caused by: org.openqa.selenium.StaleElementReferenceException: stale element reference: stale element not found
  (Session info: MicrosoftEdge=115.0.1901.183)
For documentation on this error, please visit: https://www.seleniumhq.org/exceptions/stale_element_reference.html
Build info: version: '3.141.59', revision: 'e82be7d358', time: '2018-11-14T08:25:53'
System info: host: 'NEXUSLITE-PC', ip: '192.168.137.30', os.name: 'Windows 10', os.arch: 'amd64', os.version: '10.0', java.version: '1.8.0_362'
Driver info: com.kms.katalon.selenium.driver.CEdgeDriver
Capabilities {acceptInsecureCerts: false, browserName: msedge, browserVersion: 115.0.1901.183, javascriptEnabled: true, ms:edgeOptions: {debuggerAddress: localhost:64396}, msedge: {msedgedriverVersion: 115.0.1901.183 (db29db5e66a..., userDataDir: C:\Program Files (x86)\scop...}, networkConnectionEnabled: false, pageLoadStrategy: normal, platform: WINDOWS, platformName: WINDOWS, proxy: Proxy(), setWindowRect: true, strictFileInteractability: false, timeouts: {implicit: 0, pageLoad: 300000, script: 30000}, unhandledPromptBehavior: dismiss and notify, webauthn:extension:credBlob: true, webauthn:extension:largeBlob: true, webauthn:extension:minPinLength: true, webauthn:extension:prf: true, webauthn:virtualAuthenticators: true}
Session ID: 244e4cfcdca15170402fecda10ee6bea
	at org.openqa.selenium.remote.http.W3CHttpResponseCodec.createException(W3CHttpResponseCodec.java:187)
	at org.openqa.selenium.remote.http.W3CHttpResponseCodec.decode(W3CHttpResponseCodec.java:122)
	at org.openqa.selenium.remote.http.W3CHttpResponseCodec.decode(W3CHttpResponseCodec.java:49)
	at org.openqa.selenium.remote.HttpCommandExecutor.execute(HttpCommandExecutor.java:158)
	at org.openqa.selenium.remote.service.DriverCommandExecutor.execute(DriverCommandExecutor.java:83)
	at org.openqa.selenium.remote.RemoteWebDriver.execute(RemoteWebDriver.java:552)
	at com.kms.katalon.selenium.driver.CEdgeDriver.execute(CEdgeDriver.java:20)
	at org.openqa.selenium.remote.RemoteWebElement.execute(RemoteWebElement.java:285)
	at org.openqa.selenium.remote.RemoteWebElement.getAttribute(RemoteWebElement.java:134)
	at org.openqa.selenium.support.events.EventFiringWebDriver$EventFiringWebElement.lambda$new$0(EventFiringWebDriver.java:404)
	at com.sun.proxy.$Proxy11.getAttribute(Unknown Source)
	at org.openqa.selenium.support.events.EventFiringWebDriver$EventFiringWebElement.getAttribute(EventFiringWebDriver.java:447)
	at com.kms.katalon.core.webui.common.WebUiCommonHelper.selectOrDeselectOptionsByValueByRegularExpression(WebUiCommonHelper.java:279)
	at com.kms.katalon.core.webui.common.WebUiCommonHelper.selectOrDeselectOptionsByValue(WebUiCommonHelper.java:263)
	at com.kms.katalon.core.webui.keyword.builtin.SelectOptionByValueKeyword$_selectOptionByValue_closure1.doCall(SelectOptionByValueKeyword.groovy:88)
	at com.kms.katalon.core.webui.keyword.builtin.SelectOptionByValueKeyword$_selectOptionByValue_closure1.call(SelectOptionByValueKeyword.groovy)
	at com.kms.katalon.core.webui.keyword.internal.WebUIKeywordMain.runKeyword(WebUIKeywordMain.groovy:20)
	at com.kms.katalon.core.webui.keyword.builtin.SelectOptionByValueKeyword.selectOptionByValue(SelectOptionByValueKeyword.groovy:99)
	at com.kms.katalon.core.webui.keyword.builtin.SelectOptionByValueKeyword.execute(SelectOptionByValueKeyword.groovy:71)
	at com.kms.katalon.core.keyword.internal.KeywordExecutor.executeKeywordForPlatform(KeywordExecutor.groovy:74)
	at com.kms.katalon.core.webui.keyword.WebUiBuiltInKeywords.selectOptionByValue(WebUiBuiltInKeywords.groovy:1168)
	at com.kms.katalon.core.webui.keyword.WebUiBuiltInKeywords$selectOptionByValue$4.call(Unknown Source)
	at Script1690471168659.run(Script1690471168659.groovy:22)
	... 13 more
)
[[ATTACHMENT|C:\\Users\\Administrator\\git\\latihan\\Reports\\20230728_233734\\2 - Home page test\\20230728_233734\\1690562368111.png]]]]></system-out>
         <system-err><![CDATA[2023-07-28 23:39:10 - [TEST_CASE][FAILED] - Test Cases/S02 - Homepage/5 - Sort product: Test Cases/S02 - Homepage/5 - Sort product FAILED.
Reason:
com.kms.katalon.core.exception.StepFailedException: Unable to select option by value 'za' of object 'Object Repository/Home/Sorting'  using regular expression
	at com.kms.katalon.core.webui.keyword.internal.WebUIKeywordMain.stepFailed(WebUIKeywordMain.groovy:64)
	at com.kms.katalon.core.webui.keyword.internal.WebUIKeywordMain.runKeyword(WebUIKeywordMain.groovy:26)
	at com.kms.katalon.core.webui.keyword.builtin.SelectOptionByValueKeyword.selectOptionByValue(SelectOptionByValueKeyword.groovy:99)
	at com.kms.katalon.core.webui.keyword.builtin.SelectOptionByValueKeyword.execute(SelectOptionByValueKeyword.groovy:71)
	at com.kms.katalon.core.keyword.internal.KeywordExecutor.executeKeywordForPlatform(KeywordExecutor.groovy:74)
	at com.kms.katalon.core.webui.keyword.WebUiBuiltInKeywords.selectOptionByValue(WebUiBuiltInKeywords.groovy:1168)
	at com.kms.katalon.core.webui.keyword.WebUiBuiltInKeywords$selectOptionByValue$4.call(Unknown Source)
	at 5 - Sort product.run(5 - Sort product:22)
	at com.kms.katalon.core.main.ScriptEngine.run(ScriptEngine.java:194)
	at com.kms.katalon.core.main.ScriptEngine.runScriptAsRawText(ScriptEngine.java:119)
	at com.kms.katalon.core.main.TestCaseExecutor.runScript(TestCaseExecutor.java:448)
	at com.kms.katalon.core.main.TestCaseExecutor.doExecute(TestCaseExecutor.java:439)
	at com.kms.katalon.core.main.TestCaseExecutor.processExecutionPhase(TestCaseExecutor.java:418)
	at com.kms.katalon.core.main.TestCaseExecutor.accessMainPhase(TestCaseExecutor.java:410)
	at com.kms.katalon.core.main.TestCaseExecutor.execute(TestCaseExecutor.java:285)
	at com.kms.katalon.core.common.CommonExecutor.accessTestCaseMainPhase(CommonExecutor.java:65)
	at com.kms.katalon.core.main.TestSuiteExecutor.accessTestSuiteMainPhase(TestSuiteExecutor.java:148)
	at com.kms.katalon.core.main.TestSuiteExecutor.execute(TestSuiteExecutor.java:106)
	at com.kms.katalon.core.main.TestCaseMain.startTestSuite(TestCaseMain.java:187)
	at com.kms.katalon.core.main.TestCaseMain$startTestSuite$0.call(Unknown Source)
	at TempTestSuite1690562254897.run(TempTestSuite1690562254897.groovy:36)
Caused by: org.openqa.selenium.StaleElementReferenceException: stale element reference: stale element not found
  (Session info: MicrosoftEdge=115.0.1901.183)
For documentation on this error, please visit: https://www.seleniumhq.org/exceptions/stale_element_reference.html
Build info: version: '3.141.59', revision: 'e82be7d358', time: '2018-11-14T08:25:53'
System info: host: 'NEXUSLITE-PC', ip: '192.168.137.30', os.name: 'Windows 10', os.arch: 'amd64', os.version: '10.0', java.version: '1.8.0_362'
Driver info: com.kms.katalon.selenium.driver.CEdgeDriver
Capabilities {acceptInsecureCerts: false, browserName: msedge, browserVersion: 115.0.1901.183, javascriptEnabled: true, ms:edgeOptions: {debuggerAddress: localhost:64396}, msedge: {msedgedriverVersion: 115.0.1901.183 (db29db5e66a..., userDataDir: C:\Program Files (x86)\scop...}, networkConnectionEnabled: false, pageLoadStrategy: normal, platform: WINDOWS, platformName: WINDOWS, proxy: Proxy(), setWindowRect: true, strictFileInteractability: false, timeouts: {implicit: 0, pageLoad: 300000, script: 30000}, unhandledPromptBehavior: dismiss and notify, webauthn:extension:credBlob: true, webauthn:extension:largeBlob: true, webauthn:extension:minPinLength: true, webauthn:extension:prf: true, webauthn:virtualAuthenticators: true}
Session ID: 244e4cfcdca15170402fecda10ee6bea
	at org.openqa.selenium.remote.http.W3CHttpResponseCodec.createException(W3CHttpResponseCodec.java:187)
	at org.openqa.selenium.remote.http.W3CHttpResponseCodec.decode(W3CHttpResponseCodec.java:122)
	at org.openqa.selenium.remote.http.W3CHttpResponseCodec.decode(W3CHttpResponseCodec.java:49)
	at org.openqa.selenium.remote.HttpCommandExecutor.execute(HttpCommandExecutor.java:158)
	at org.openqa.selenium.remote.service.DriverCommandExecutor.execute(DriverCommandExecutor.java:83)
	at org.openqa.selenium.remote.RemoteWebDriver.execute(RemoteWebDriver.java:552)
	at com.kms.katalon.selenium.driver.CEdgeDriver.execute(CEdgeDriver.java:20)
	at org.openqa.selenium.remote.RemoteWebElement.execute(RemoteWebElement.java:285)
	at org.openqa.selenium.remote.RemoteWebElement.getAttribute(RemoteWebElement.java:134)
	at org.openqa.selenium.support.events.EventFiringWebDriver$EventFiringWebElement.lambda$new$0(EventFiringWebDriver.java:404)
	at com.sun.proxy.$Proxy11.getAttribute(Unknown Source)
	at org.openqa.selenium.support.events.EventFiringWebDriver$EventFiringWebElement.getAttribute(EventFiringWebDriver.java:447)
	at com.kms.katalon.core.webui.common.WebUiCommonHelper.selectOrDeselectOptionsByValueByRegularExpression(WebUiCommonHelper.java:279)
	at com.kms.katalon.core.webui.common.WebUiCommonHelper.selectOrDeselectOptionsByValue(WebUiCommonHelper.java:263)
	at com.kms.katalon.core.webui.keyword.builtin.SelectOptionByValueKeyword$_selectOptionByValue_closure1.doCall(SelectOptionByValueKeyword.groovy:88)
	at com.kms.katalon.core.webui.keyword.builtin.SelectOptionByValueKeyword$_selectOptionByValue_closure1.call(SelectOptionByValueKeyword.groovy)
	at com.kms.katalon.core.webui.keyword.internal.WebUIKeywordMain.runKeyword(WebUIKeywordMain.groovy:20)
	... 19 more]]></system-err>
      </testcase>
      <testcase name="Test Cases/S02 - Homepage/9 - Detail product" time="15.311" classname="Test Cases/S02 - Homepage/9 - Detail product" status="PASSED">
         <system-out><![CDATA[2023-07-28 23:39:28 - [TEST_CASE][PASSED] - Test Cases/S02 - Homepage/9 - Detail product: Test Cases/S02 - Homepage/9 - Detail product

2023-07-28 23:39:29 - [TEST_STEP][PASSED] - callTestCase(findTestCase("Login"), [:], STOP_ON_FAILURE): Call Test Case 'Test Cases/Login' successfully

2023-07-28 23:39:29 - [TEST_CASE][PASSED] - Test Cases/Login: Test Cases/Login

2023-07-28 23:39:29 - [TEST_STEP][PASSED] - openBrowser(""): Browser is opened with url: ''

2023-07-28 23:39:29 - [MESSAGE][WARNING] - A browser is already opened. Closing browser and opening a new one

2023-07-28 23:39:30 - [MESSAGE][INFO] - Starting 'Edge Chromium' driver

2023-07-28 23:39:32 - [MESSAGE][INFO] - Action delay is set to 0 milliseconds

2023-07-28 23:39:34 - [MESSAGE][PASSED] - Browser is opened with url: ''

2023-07-28 23:39:34 - [TEST_STEP][PASSED] - navigateToUrl("https://www.saucedemo.com/"): Navigate to 'https://www.saucedemo.com/' successfully

2023-07-28 23:39:38 - [MESSAGE][PASSED] - Navigate to 'https://www.saucedemo.com/' successfully

2023-07-28 23:39:38 - [TEST_STEP][PASSED] - setText(findTestObject("Login/Fld-Username"), username): Text 'standard_user' is set on object 'Object Repository/Login/Fld-Username'

2023-07-28 23:39:39 - [MESSAGE][PASSED] - Text 'standard_user' is set on object 'Object Repository/Login/Fld-Username'

2023-07-28 23:39:39 - [TEST_STEP][PASSED] - setText(findTestObject("Login/Fld-Password"), password): Text 'secret_sauce' is set on object 'Object Repository/Login/Fld-Password'

2023-07-28 23:39:40 - [MESSAGE][PASSED] - Text 'secret_sauce' is set on object 'Object Repository/Login/Fld-Password'

2023-07-28 23:39:40 - [TEST_STEP][PASSED] - click(findTestObject("Login/Btn-Login")): Object: 'Object Repository/Login/Btn-Login' is clicked on

2023-07-28 23:39:41 - [MESSAGE][PASSED] - Object: 'Object Repository/Login/Btn-Login' is clicked on

2023-07-28 23:39:41 - [MESSAGE][PASSED] - Call Test Case 'Test Cases/Login' successfully

2023-07-28 23:39:41 - [TEST_STEP][PASSED] - click(findTestObject("Home/Sauce Labs Backpack")): Object: 'Object Repository/Home/Sauce Labs Backpack' is clicked on

2023-07-28 23:39:42 - [MESSAGE][PASSED] - Object: 'Object Repository/Home/Sauce Labs Backpack' is clicked on

2023-07-28 23:39:42 - [TEST_STEP][PASSED] - closeBrowser(): Browser is closed

2023-07-28 23:39:43 - [MESSAGE][PASSED] - Browser is closed]]></system-out>
         <system-err><![CDATA[]]></system-err>
      </testcase>
      <system-out><![CDATA[2023-07-28 23:37:43 - [TEST_SUITE][FAILED] - 2 - Home page test: Test Cases/S02 - Homepage/5 - Sort product FAILED.
Reason:
com.kms.katalon.core.exception.StepFailedException: Unable to select option by value 'za' of object 'Object Repository/Home/Sorting'  using regular expression
	at com.kms.katalon.core.webui.keyword.internal.WebUIKeywordMain.stepFailed(WebUIKeywordMain.groovy:64)
	at com.kms.katalon.core.webui.keyword.internal.WebUIKeywordMain.runKeyword(WebUIKeywordMain.groovy:26)
	at com.kms.katalon.core.webui.keyword.builtin.SelectOptionByValueKeyword.selectOptionByValue(SelectOptionByValueKeyword.groovy:99)
	at com.kms.katalon.core.webui.keyword.builtin.SelectOptionByValueKeyword.execute(SelectOptionByValueKeyword.groovy:71)
	at com.kms.katalon.core.keyword.internal.KeywordExecutor.executeKeywordForPlatform(KeywordExecutor.groovy:74)
	at com.kms.katalon.core.webui.keyword.WebUiBuiltInKeywords.selectOptionByValue(WebUiBuiltInKeywords.groovy:1168)
	at com.kms.katalon.core.webui.keyword.WebUiBuiltInKeywords$selectOptionByValue$4.call(Unknown Source)
	at 5 - Sort product.run(5 - Sort product:22)
	at com.kms.katalon.core.main.ScriptEngine.run(ScriptEngine.java:194)
	at com.kms.katalon.core.main.ScriptEngine.runScriptAsRawText(ScriptEngine.java:119)
	at com.kms.katalon.core.main.TestCaseExecutor.runScript(TestCaseExecutor.java:448)
	at com.kms.katalon.core.main.TestCaseExecutor.doExecute(TestCaseExecutor.java:439)
	at com.kms.katalon.core.main.TestCaseExecutor.processExecutionPhase(TestCaseExecutor.java:418)
	at com.kms.katalon.core.main.TestCaseExecutor.accessMainPhase(TestCaseExecutor.java:410)
	at com.kms.katalon.core.main.TestCaseExecutor.execute(TestCaseExecutor.java:285)
	at com.kms.katalon.core.common.CommonExecutor.accessTestCaseMainPhase(CommonExecutor.java:65)
	at com.kms.katalon.core.main.TestSuiteExecutor.accessTestSuiteMainPhase(TestSuiteExecutor.java:148)
	at com.kms.katalon.core.main.TestSuiteExecutor.execute(TestSuiteExecutor.java:106)
	at com.kms.katalon.core.main.TestCaseMain.startTestSuite(TestCaseMain.java:187)
	at com.kms.katalon.core.main.TestCaseMain$startTestSuite$0.call(Unknown Source)
	at TempTestSuite1690562254897.run(TempTestSuite1690562254897.groovy:36)
Caused by: org.openqa.selenium.StaleElementReferenceException: stale element reference: stale element not found
  (Session info: MicrosoftEdge=115.0.1901.183)
For documentation on this error, please visit: https://www.seleniumhq.org/exceptions/stale_element_reference.html
Build info: version: '3.141.59', revision: 'e82be7d358', time: '2018-11-14T08:25:53'
System info: host: 'NEXUSLITE-PC', ip: '192.168.137.30', os.name: 'Windows 10', os.arch: 'amd64', os.version: '10.0', java.version: '1.8.0_362'
Driver info: com.kms.katalon.selenium.driver.CEdgeDriver
Capabilities {acceptInsecureCerts: false, browserName: msedge, browserVersion: 115.0.1901.183, javascriptEnabled: true, ms:edgeOptions: {debuggerAddress: localhost:64396}, msedge: {msedgedriverVersion: 115.0.1901.183 (db29db5e66a..., userDataDir: C:\Program Files (x86)\scop...}, networkConnectionEnabled: false, pageLoadStrategy: normal, platform: WINDOWS, platformName: WINDOWS, proxy: Proxy(), setWindowRect: true, strictFileInteractability: false, timeouts: {implicit: 0, pageLoad: 300000, script: 30000}, unhandledPromptBehavior: dismiss and notify, webauthn:extension:credBlob: true, webauthn:extension:largeBlob: true, webauthn:extension:minPinLength: true, webauthn:extension:prf: true, webauthn:virtualAuthenticators: true}
Session ID: 244e4cfcdca15170402fecda10ee6bea
	at org.openqa.selenium.remote.http.W3CHttpResponseCodec.createException(W3CHttpResponseCodec.java:187)
	at org.openqa.selenium.remote.http.W3CHttpResponseCodec.decode(W3CHttpResponseCodec.java:122)
	at org.openqa.selenium.remote.http.W3CHttpResponseCodec.decode(W3CHttpResponseCodec.java:49)
	at org.openqa.selenium.remote.HttpCommandExecutor.execute(HttpCommandExecutor.java:158)
	at org.openqa.selenium.remote.service.DriverCommandExecutor.execute(DriverCommandExecutor.java:83)
	at org.openqa.selenium.remote.RemoteWebDriver.execute(RemoteWebDriver.java:552)
	at com.kms.katalon.selenium.driver.CEdgeDriver.execute(CEdgeDriver.java:20)
	at org.openqa.selenium.remote.RemoteWebElement.execute(RemoteWebElement.java:285)
	at org.openqa.selenium.remote.RemoteWebElement.getAttribute(RemoteWebElement.java:134)
	at org.openqa.selenium.support.events.EventFiringWebDriver$EventFiringWebElement.lambda$new$0(EventFiringWebDriver.java:404)
	at com.sun.proxy.$Proxy11.getAttribute(Unknown Source)
	at org.openqa.selenium.support.events.EventFiringWebDriver$EventFiringWebElement.getAttribute(EventFiringWebDriver.java:447)
	at com.kms.katalon.core.webui.common.WebUiCommonHelper.selectOrDeselectOptionsByValueByRegularExpression(WebUiCommonHelper.java:279)
	at com.kms.katalon.core.webui.common.WebUiCommonHelper.selectOrDeselectOptionsByValue(WebUiCommonHelper.java:263)
	at com.kms.katalon.core.webui.keyword.builtin.SelectOptionByValueKeyword$_selectOptionByValue_closure1.doCall(SelectOptionByValueKeyword.groovy:88)
	at com.kms.katalon.core.webui.keyword.builtin.SelectOptionByValueKeyword$_selectOptionByValue_closure1.call(SelectOptionByValueKeyword.groovy)
	at com.kms.katalon.core.webui.keyword.internal.WebUIKeywordMain.runKeyword(WebUIKeywordMain.groovy:20)
	... 19 more]]></system-out>
      <system-err><![CDATA[2023-07-28 23:37:43 - [TEST_SUITE][FAILED] - 2 - Home page test: Test Cases/S02 - Homepage/5 - Sort product FAILED.
Reason:
com.kms.katalon.core.exception.StepFailedException: Unable to select option by value 'za' of object 'Object Repository/Home/Sorting'  using regular expression
	at com.kms.katalon.core.webui.keyword.internal.WebUIKeywordMain.stepFailed(WebUIKeywordMain.groovy:64)
	at com.kms.katalon.core.webui.keyword.internal.WebUIKeywordMain.runKeyword(WebUIKeywordMain.groovy:26)
	at com.kms.katalon.core.webui.keyword.builtin.SelectOptionByValueKeyword.selectOptionByValue(SelectOptionByValueKeyword.groovy:99)
	at com.kms.katalon.core.webui.keyword.builtin.SelectOptionByValueKeyword.execute(SelectOptionByValueKeyword.groovy:71)
	at com.kms.katalon.core.keyword.internal.KeywordExecutor.executeKeywordForPlatform(KeywordExecutor.groovy:74)
	at com.kms.katalon.core.webui.keyword.WebUiBuiltInKeywords.selectOptionByValue(WebUiBuiltInKeywords.groovy:1168)
	at com.kms.katalon.core.webui.keyword.WebUiBuiltInKeywords$selectOptionByValue$4.call(Unknown Source)
	at 5 - Sort product.run(5 - Sort product:22)
	at com.kms.katalon.core.main.ScriptEngine.run(ScriptEngine.java:194)
	at com.kms.katalon.core.main.ScriptEngine.runScriptAsRawText(ScriptEngine.java:119)
	at com.kms.katalon.core.main.TestCaseExecutor.runScript(TestCaseExecutor.java:448)
	at com.kms.katalon.core.main.TestCaseExecutor.doExecute(TestCaseExecutor.java:439)
	at com.kms.katalon.core.main.TestCaseExecutor.processExecutionPhase(TestCaseExecutor.java:418)
	at com.kms.katalon.core.main.TestCaseExecutor.accessMainPhase(TestCaseExecutor.java:410)
	at com.kms.katalon.core.main.TestCaseExecutor.execute(TestCaseExecutor.java:285)
	at com.kms.katalon.core.common.CommonExecutor.accessTestCaseMainPhase(CommonExecutor.java:65)
	at com.kms.katalon.core.main.TestSuiteExecutor.accessTestSuiteMainPhase(TestSuiteExecutor.java:148)
	at com.kms.katalon.core.main.TestSuiteExecutor.execute(TestSuiteExecutor.java:106)
	at com.kms.katalon.core.main.TestCaseMain.startTestSuite(TestCaseMain.java:187)
	at com.kms.katalon.core.main.TestCaseMain$startTestSuite$0.call(Unknown Source)
	at TempTestSuite1690562254897.run(TempTestSuite1690562254897.groovy:36)
Caused by: org.openqa.selenium.StaleElementReferenceException: stale element reference: stale element not found
  (Session info: MicrosoftEdge=115.0.1901.183)
For documentation on this error, please visit: https://www.seleniumhq.org/exceptions/stale_element_reference.html
Build info: version: '3.141.59', revision: 'e82be7d358', time: '2018-11-14T08:25:53'
System info: host: 'NEXUSLITE-PC', ip: '192.168.137.30', os.name: 'Windows 10', os.arch: 'amd64', os.version: '10.0', java.version: '1.8.0_362'
Driver info: com.kms.katalon.selenium.driver.CEdgeDriver
Capabilities {acceptInsecureCerts: false, browserName: msedge, browserVersion: 115.0.1901.183, javascriptEnabled: true, ms:edgeOptions: {debuggerAddress: localhost:64396}, msedge: {msedgedriverVersion: 115.0.1901.183 (db29db5e66a..., userDataDir: C:\Program Files (x86)\scop...}, networkConnectionEnabled: false, pageLoadStrategy: normal, platform: WINDOWS, platformName: WINDOWS, proxy: Proxy(), setWindowRect: true, strictFileInteractability: false, timeouts: {implicit: 0, pageLoad: 300000, script: 30000}, unhandledPromptBehavior: dismiss and notify, webauthn:extension:credBlob: true, webauthn:extension:largeBlob: true, webauthn:extension:minPinLength: true, webauthn:extension:prf: true, webauthn:virtualAuthenticators: true}
Session ID: 244e4cfcdca15170402fecda10ee6bea
	at org.openqa.selenium.remote.http.W3CHttpResponseCodec.createException(W3CHttpResponseCodec.java:187)
	at org.openqa.selenium.remote.http.W3CHttpResponseCodec.decode(W3CHttpResponseCodec.java:122)
	at org.openqa.selenium.remote.http.W3CHttpResponseCodec.decode(W3CHttpResponseCodec.java:49)
	at org.openqa.selenium.remote.HttpCommandExecutor.execute(HttpCommandExecutor.java:158)
	at org.openqa.selenium.remote.service.DriverCommandExecutor.execute(DriverCommandExecutor.java:83)
	at org.openqa.selenium.remote.RemoteWebDriver.execute(RemoteWebDriver.java:552)
	at com.kms.katalon.selenium.driver.CEdgeDriver.execute(CEdgeDriver.java:20)
	at org.openqa.selenium.remote.RemoteWebElement.execute(RemoteWebElement.java:285)
	at org.openqa.selenium.remote.RemoteWebElement.getAttribute(RemoteWebElement.java:134)
	at org.openqa.selenium.support.events.EventFiringWebDriver$EventFiringWebElement.lambda$new$0(EventFiringWebDriver.java:404)
	at com.sun.proxy.$Proxy11.getAttribute(Unknown Source)
	at org.openqa.selenium.support.events.EventFiringWebDriver$EventFiringWebElement.getAttribute(EventFiringWebDriver.java:447)
	at com.kms.katalon.core.webui.common.WebUiCommonHelper.selectOrDeselectOptionsByValueByRegularExpression(WebUiCommonHelper.java:279)
	at com.kms.katalon.core.webui.common.WebUiCommonHelper.selectOrDeselectOptionsByValue(WebUiCommonHelper.java:263)
	at com.kms.katalon.core.webui.keyword.builtin.SelectOptionByValueKeyword$_selectOptionByValue_closure1.doCall(SelectOptionByValueKeyword.groovy:88)
	at com.kms.katalon.core.webui.keyword.builtin.SelectOptionByValueKeyword$_selectOptionByValue_closure1.call(SelectOptionByValueKeyword.groovy)
	at com.kms.katalon.core.webui.keyword.internal.WebUIKeywordMain.runKeyword(WebUIKeywordMain.groovy:20)
	... 19 more]]></system-err>
   </testsuite>
</testsuites>
