<?xml version="1.0" encoding="UTF-8"?>
<testsuites name="2 - Home page test" time="124.869" tests="7" failures="0" errors="0">
   <testsuite name="2 - Home page test" tests="7" failures="0" errors="0" time="124.869" skipped="0" timestamp="2023-07-28 23:47:10" hostname="Administrator - NexusLite-PC.mshome.net" id="Test Suites/2 - Home page test">
      <properties>
         <property name="deviceName" value=""/>
         <property name="devicePlatform" value=""/>
         <property name="logFolder" value="C:\\Users\\Administrator\\git\\latihan\\Reports\\20230728_234702\\2 - Home page test\\20230728_234702"/>
         <property name="logFiles" value="C:\\Users\\Administrator\\git\\latihan\\Reports\\20230728_234702\\2 - Home page test\\20230728_234702\\execution0.log"/>
         <property name="attachments" value=""/>
         <property name="hostName" value="Administrator - NexusLite-PC.mshome.net"/>
         <property name="os" value="Windows 10 64bit"/>
         <property name="katalonVersion" value="8.6.5.208"/>
         <property name="browser" value="Edge Chromium 115"/>
         <property name="hostAddress" value="192.168.137.30"/>
         <property name="sessionId" value="600a28966f61a2fe4ba5b4866e102293"/>
         <property name="seleniumVersion" value="3.141.59"/>
         <property name="proxyInformation" value="ProxyInformation { proxyOption=NO_PROXY, proxyServerType=HTTP, username=, password=********, proxyServerAddress=, proxyServerPort=0, executionList=&quot;&quot;, isApplyToDesiredCapabilities=true }"/>
         <property name="platform" value="Windows 10"/>
      </properties>
      <testcase name="Test Cases/S02 - Homepage/1 - Add to cart" time="19.877" classname="Test Cases/S02 - Homepage/1 - Add to cart" status="PASSED">
         <system-out><![CDATA[2023-07-28 23:47:11 - [TEST_CASE][PASSED] - Test Cases/S02 - Homepage/1 - Add to cart: Test Cases/S02 - Homepage/1 - Add to cart

2023-07-28 23:47:12 - [TEST_STEP][PASSED] - callTestCase(findTestCase("Login"), [:], STOP_ON_FAILURE): Call Test Case 'Test Cases/Login' successfully

2023-07-28 23:47:13 - [TEST_CASE][PASSED] - Test Cases/Login: Test Cases/Login

2023-07-28 23:47:14 - [TEST_STEP][PASSED] - openBrowser(""): Browser is opened with url: ''

2023-07-28 23:47:15 - [MESSAGE][INFO] - Starting 'Edge Chromium' driver

2023-07-28 23:47:17 - [MESSAGE][INFO] - Action delay is set to 0 milliseconds

2023-07-28 23:47:22 - [MESSAGE][PASSED] - Browser is opened with url: ''

2023-07-28 23:47:22 - [TEST_STEP][PASSED] - navigateToUrl("https://www.saucedemo.com/"): Navigate to 'https://www.saucedemo.com/' successfully

2023-07-28 23:47:25 - [MESSAGE][PASSED] - Navigate to 'https://www.saucedemo.com/' successfully

2023-07-28 23:47:25 - [TEST_STEP][PASSED] - setText(findTestObject("Login/Fld-Username"), username): Text 'standard_user' is set on object 'Object Repository/Login/Fld-Username'

2023-07-28 23:47:27 - [MESSAGE][PASSED] - Text 'standard_user' is set on object 'Object Repository/Login/Fld-Username'

2023-07-28 23:47:27 - [TEST_STEP][PASSED] - setText(findTestObject("Login/Fld-Password"), password): Text 'secret_sauce' is set on object 'Object Repository/Login/Fld-Password'

2023-07-28 23:47:28 - [MESSAGE][PASSED] - Text 'secret_sauce' is set on object 'Object Repository/Login/Fld-Password'

2023-07-28 23:47:28 - [TEST_STEP][PASSED] - click(findTestObject("Login/Btn-Login")): Object: 'Object Repository/Login/Btn-Login' is clicked on

2023-07-28 23:47:29 - [MESSAGE][PASSED] - Object: 'Object Repository/Login/Btn-Login' is clicked on

2023-07-28 23:47:29 - [MESSAGE][PASSED] - Call Test Case 'Test Cases/Login' successfully

2023-07-28 23:47:29 - [TEST_STEP][PASSED] - click(findTestObject("Home/Btn_Add to cart")): Object: 'Object Repository/Home/Btn_Add to cart' is clicked on

2023-07-28 23:47:30 - [MESSAGE][PASSED] - Object: 'Object Repository/Home/Btn_Add to cart' is clicked on

2023-07-28 23:47:30 - [TEST_STEP][PASSED] - closeBrowser(): Browser is closed

2023-07-28 23:47:31 - [MESSAGE][PASSED] - Browser is closed]]></system-out>
         <system-err><![CDATA[]]></system-err>
      </testcase>
      <testcase name="Test Cases/S02 - Homepage/10 - Logout" time="16.903" classname="Test Cases/S02 - Homepage/10 - Logout" status="PASSED">
         <system-out><![CDATA[2023-07-28 23:47:31 - [TEST_CASE][PASSED] - Test Cases/S02 - Homepage/10 - Logout: Test Cases/S02 - Homepage/10 - Logout

2023-07-28 23:47:32 - [TEST_STEP][PASSED] - callTestCase(findTestCase("Login"), [:], STOP_ON_FAILURE): Call Test Case 'Test Cases/Login' successfully

2023-07-28 23:47:32 - [TEST_CASE][PASSED] - Test Cases/Login: Test Cases/Login

2023-07-28 23:47:32 - [TEST_STEP][PASSED] - openBrowser(""): Browser is opened with url: ''

2023-07-28 23:47:32 - [MESSAGE][INFO] - Starting 'Edge Chromium' driver

2023-07-28 23:47:34 - [MESSAGE][INFO] - Action delay is set to 0 milliseconds

2023-07-28 23:47:36 - [MESSAGE][PASSED] - Browser is opened with url: ''

2023-07-28 23:47:36 - [TEST_STEP][PASSED] - navigateToUrl("https://www.saucedemo.com/"): Navigate to 'https://www.saucedemo.com/' successfully

2023-07-28 23:47:42 - [MESSAGE][PASSED] - Navigate to 'https://www.saucedemo.com/' successfully

2023-07-28 23:47:42 - [TEST_STEP][PASSED] - setText(findTestObject("Login/Fld-Username"), username): Text 'standard_user' is set on object 'Object Repository/Login/Fld-Username'

2023-07-28 23:47:43 - [MESSAGE][PASSED] - Text 'standard_user' is set on object 'Object Repository/Login/Fld-Username'

2023-07-28 23:47:43 - [TEST_STEP][PASSED] - setText(findTestObject("Login/Fld-Password"), password): Text 'secret_sauce' is set on object 'Object Repository/Login/Fld-Password'

2023-07-28 23:47:44 - [MESSAGE][PASSED] - Text 'secret_sauce' is set on object 'Object Repository/Login/Fld-Password'

2023-07-28 23:47:44 - [TEST_STEP][PASSED] - click(findTestObject("Login/Btn-Login")): Object: 'Object Repository/Login/Btn-Login' is clicked on

2023-07-28 23:47:45 - [MESSAGE][PASSED] - Object: 'Object Repository/Login/Btn-Login' is clicked on

2023-07-28 23:47:45 - [MESSAGE][PASSED] - Call Test Case 'Test Cases/Login' successfully

2023-07-28 23:47:45 - [TEST_STEP][PASSED] - click(findTestObject("Home/Btn_Open Menu")): Object: 'Object Repository/Home/Btn_Open Menu' is clicked on

2023-07-28 23:47:46 - [MESSAGE][PASSED] - Object: 'Object Repository/Home/Btn_Open Menu' is clicked on

2023-07-28 23:47:46 - [TEST_STEP][PASSED] - click(findTestObject("Home/Btn_Logout")): Object: 'Object Repository/Home/Btn_Logout' is clicked on

2023-07-28 23:47:47 - [MESSAGE][PASSED] - Object: 'Object Repository/Home/Btn_Logout' is clicked on

2023-07-28 23:47:47 - [TEST_STEP][PASSED] - closeBrowser(): Browser is closed

2023-07-28 23:47:48 - [MESSAGE][PASSED] - Browser is closed]]></system-out>
         <system-err><![CDATA[]]></system-err>
      </testcase>
      <testcase name="Test Cases/S02 - Homepage/2 - Add to cart (more then 1)" time="18.943" classname="Test Cases/S02 - Homepage/2 - Add to cart (more then 1)" status="PASSED">
         <system-out><![CDATA[2023-07-28 23:47:48 - [TEST_CASE][PASSED] - Test Cases/S02 - Homepage/2 - Add to cart (more then 1): Test Cases/S02 - Homepage/2 - Add to cart (more then 1)

2023-07-28 23:47:49 - [TEST_STEP][PASSED] - callTestCase(findTestCase("Login"), [:], STOP_ON_FAILURE): Call Test Case 'Test Cases/Login' successfully

2023-07-28 23:47:49 - [TEST_CASE][PASSED] - Test Cases/Login: Test Cases/Login

2023-07-28 23:47:49 - [TEST_STEP][PASSED] - openBrowser(""): Browser is opened with url: ''

2023-07-28 23:47:49 - [MESSAGE][INFO] - Starting 'Edge Chromium' driver

2023-07-28 23:47:51 - [MESSAGE][INFO] - Action delay is set to 0 milliseconds

2023-07-28 23:47:53 - [MESSAGE][PASSED] - Browser is opened with url: ''

2023-07-28 23:47:53 - [TEST_STEP][PASSED] - navigateToUrl("https://www.saucedemo.com/"): Navigate to 'https://www.saucedemo.com/' successfully

2023-07-28 23:48:00 - [MESSAGE][PASSED] - Navigate to 'https://www.saucedemo.com/' successfully

2023-07-28 23:48:00 - [TEST_STEP][PASSED] - setText(findTestObject("Login/Fld-Username"), username): Text 'standard_user' is set on object 'Object Repository/Login/Fld-Username'

2023-07-28 23:48:01 - [MESSAGE][PASSED] - Text 'standard_user' is set on object 'Object Repository/Login/Fld-Username'

2023-07-28 23:48:01 - [TEST_STEP][PASSED] - setText(findTestObject("Login/Fld-Password"), password): Text 'secret_sauce' is set on object 'Object Repository/Login/Fld-Password'

2023-07-28 23:48:02 - [MESSAGE][PASSED] - Text 'secret_sauce' is set on object 'Object Repository/Login/Fld-Password'

2023-07-28 23:48:03 - [TEST_STEP][PASSED] - click(findTestObject("Login/Btn-Login")): Object: 'Object Repository/Login/Btn-Login' is clicked on

2023-07-28 23:48:03 - [MESSAGE][PASSED] - Object: 'Object Repository/Login/Btn-Login' is clicked on

2023-07-28 23:48:03 - [MESSAGE][PASSED] - Call Test Case 'Test Cases/Login' successfully

2023-07-28 23:48:03 - [TEST_STEP][PASSED] - click(findTestObject("Home/Btn_Add to cart_Sauce labs backpack")): Object: 'Object Repository/Home/Btn_Add to cart_Sauce labs backpack' is clicked on

2023-07-28 23:48:04 - [MESSAGE][PASSED] - Object: 'Object Repository/Home/Btn_Add to cart_Sauce labs backpack' is clicked on

2023-07-28 23:48:04 - [TEST_STEP][PASSED] - click(findTestObject("Home/Btn_Add to cart_Sauce labs bike")): Object: 'Object Repository/Home/Btn_Add to cart_Sauce labs bike' is clicked on

2023-07-28 23:48:05 - [MESSAGE][PASSED] - Object: 'Object Repository/Home/Btn_Add to cart_Sauce labs bike' is clicked on

2023-07-28 23:48:05 - [TEST_STEP][PASSED] - click(findTestObject("Home/Btn_Add to cart_Sauce labs bolt")): Object: 'Object Repository/Home/Btn_Add to cart_Sauce labs bolt' is clicked on

2023-07-28 23:48:06 - [MESSAGE][PASSED] - Object: 'Object Repository/Home/Btn_Add to cart_Sauce labs bolt' is clicked on

2023-07-28 23:48:06 - [TEST_STEP][PASSED] - closeBrowser(): Browser is closed

2023-07-28 23:48:07 - [MESSAGE][PASSED] - Browser is closed]]></system-out>
         <system-err><![CDATA[]]></system-err>
      </testcase>
      <testcase name="Test Cases/S02 - Homepage/3 - Check cart" time="22.27" classname="Test Cases/S02 - Homepage/3 - Check cart" status="PASSED">
         <system-out><![CDATA[2023-07-28 23:48:07 - [TEST_CASE][PASSED] - Test Cases/S02 - Homepage/3 - Check cart: Test Cases/S02 - Homepage/3 - Check cart

2023-07-28 23:48:08 - [TEST_STEP][PASSED] - callTestCase(findTestCase("Login"), [:], STOP_ON_FAILURE): Call Test Case 'Test Cases/Login' successfully

2023-07-28 23:48:08 - [TEST_CASE][PASSED] - Test Cases/Login: Test Cases/Login

2023-07-28 23:48:08 - [TEST_STEP][PASSED] - openBrowser(""): Browser is opened with url: ''

2023-07-28 23:48:08 - [MESSAGE][INFO] - Starting 'Edge Chromium' driver

2023-07-28 23:48:10 - [MESSAGE][INFO] - Action delay is set to 0 milliseconds

2023-07-28 23:48:12 - [MESSAGE][PASSED] - Browser is opened with url: ''

2023-07-28 23:48:12 - [TEST_STEP][PASSED] - navigateToUrl("https://www.saucedemo.com/"): Navigate to 'https://www.saucedemo.com/' successfully

2023-07-28 23:48:22 - [MESSAGE][PASSED] - Navigate to 'https://www.saucedemo.com/' successfully

2023-07-28 23:48:22 - [TEST_STEP][PASSED] - setText(findTestObject("Login/Fld-Username"), username): Text 'standard_user' is set on object 'Object Repository/Login/Fld-Username'

2023-07-28 23:48:23 - [MESSAGE][PASSED] - Text 'standard_user' is set on object 'Object Repository/Login/Fld-Username'

2023-07-28 23:48:24 - [TEST_STEP][PASSED] - setText(findTestObject("Login/Fld-Password"), password): Text 'secret_sauce' is set on object 'Object Repository/Login/Fld-Password'

2023-07-28 23:48:25 - [MESSAGE][PASSED] - Text 'secret_sauce' is set on object 'Object Repository/Login/Fld-Password'

2023-07-28 23:48:25 - [TEST_STEP][PASSED] - click(findTestObject("Login/Btn-Login")): Object: 'Object Repository/Login/Btn-Login' is clicked on

2023-07-28 23:48:25 - [MESSAGE][PASSED] - Object: 'Object Repository/Login/Btn-Login' is clicked on

2023-07-28 23:48:25 - [MESSAGE][PASSED] - Call Test Case 'Test Cases/Login' successfully

2023-07-28 23:48:25 - [TEST_STEP][PASSED] - click(findTestObject("Home/Btn_Add to cart")): Object: 'Object Repository/Home/Btn_Add to cart' is clicked on

2023-07-28 23:48:27 - [MESSAGE][PASSED] - Object: 'Object Repository/Home/Btn_Add to cart' is clicked on

2023-07-28 23:48:27 - [TEST_STEP][PASSED] - click(findTestObject("Home/Btn_Cart")): Object: 'Object Repository/Home/Btn_Cart' is clicked on

2023-07-28 23:48:27 - [MESSAGE][PASSED] - Object: 'Object Repository/Home/Btn_Cart' is clicked on

2023-07-28 23:48:27 - [TEST_STEP][PASSED] - closeBrowser(): Browser is closed

2023-07-28 23:48:29 - [MESSAGE][PASSED] - Browser is closed]]></system-out>
         <system-err><![CDATA[]]></system-err>
      </testcase>
      <testcase name="Test Cases/S02 - Homepage/4 - Remove any product" time="15.799" classname="Test Cases/S02 - Homepage/4 - Remove any product" status="PASSED">
         <system-out><![CDATA[2023-07-28 23:48:29 - [TEST_CASE][PASSED] - Test Cases/S02 - Homepage/4 - Remove any product: Test Cases/S02 - Homepage/4 - Remove any product

2023-07-28 23:48:30 - [TEST_STEP][PASSED] - callTestCase(findTestCase("Login"), [:], STOP_ON_FAILURE): Call Test Case 'Test Cases/Login' successfully

2023-07-28 23:48:31 - [TEST_CASE][PASSED] - Test Cases/Login: Test Cases/Login

2023-07-28 23:48:31 - [TEST_STEP][PASSED] - openBrowser(""): Browser is opened with url: ''

2023-07-28 23:48:31 - [MESSAGE][INFO] - Starting 'Edge Chromium' driver

2023-07-28 23:48:33 - [MESSAGE][INFO] - Action delay is set to 0 milliseconds

2023-07-28 23:48:35 - [MESSAGE][PASSED] - Browser is opened with url: ''

2023-07-28 23:48:35 - [TEST_STEP][PASSED] - navigateToUrl("https://www.saucedemo.com/"): Navigate to 'https://www.saucedemo.com/' successfully

2023-07-28 23:48:39 - [MESSAGE][PASSED] - Navigate to 'https://www.saucedemo.com/' successfully

2023-07-28 23:48:39 - [TEST_STEP][PASSED] - setText(findTestObject("Login/Fld-Username"), username): Text 'standard_user' is set on object 'Object Repository/Login/Fld-Username'

2023-07-28 23:48:40 - [MESSAGE][PASSED] - Text 'standard_user' is set on object 'Object Repository/Login/Fld-Username'

2023-07-28 23:48:40 - [TEST_STEP][PASSED] - setText(findTestObject("Login/Fld-Password"), password): Text 'secret_sauce' is set on object 'Object Repository/Login/Fld-Password'

2023-07-28 23:48:41 - [MESSAGE][PASSED] - Text 'secret_sauce' is set on object 'Object Repository/Login/Fld-Password'

2023-07-28 23:48:41 - [TEST_STEP][PASSED] - click(findTestObject("Login/Btn-Login")): Object: 'Object Repository/Login/Btn-Login' is clicked on

2023-07-28 23:48:42 - [MESSAGE][PASSED] - Object: 'Object Repository/Login/Btn-Login' is clicked on

2023-07-28 23:48:42 - [MESSAGE][PASSED] - Call Test Case 'Test Cases/Login' successfully

2023-07-28 23:48:42 - [TEST_STEP][PASSED] - click(findTestObject("Home/Btn_Add to cart")): Object: 'Object Repository/Home/Btn_Add to cart' is clicked on

2023-07-28 23:48:43 - [MESSAGE][PASSED] - Object: 'Object Repository/Home/Btn_Add to cart' is clicked on

2023-07-28 23:48:43 - [TEST_STEP][PASSED] - click(findTestObject("Home/Btn_Remove")): Object: 'Object Repository/Home/Btn_Remove' is clicked on

2023-07-28 23:48:44 - [MESSAGE][PASSED] - Object: 'Object Repository/Home/Btn_Remove' is clicked on

2023-07-28 23:48:44 - [TEST_STEP][PASSED] - closeBrowser(): Browser is closed

2023-07-28 23:48:45 - [MESSAGE][PASSED] - Browser is closed]]></system-out>
         <system-err><![CDATA[]]></system-err>
      </testcase>
      <testcase name="Test Cases/S02 - Homepage/5 - Sort product" time="14.881" classname="Test Cases/S02 - Homepage/5 - Sort product" status="PASSED">
         <system-out><![CDATA[2023-07-28 23:48:45 - [TEST_CASE][PASSED] - Test Cases/S02 - Homepage/5 - Sort product: Test Cases/S02 - Homepage/5 - Sort product

2023-07-28 23:48:46 - [TEST_STEP][PASSED] - callTestCase(findTestCase("Login"), [:], STOP_ON_FAILURE): Call Test Case 'Test Cases/Login' successfully

2023-07-28 23:48:46 - [TEST_CASE][PASSED] - Test Cases/Login: Test Cases/Login

2023-07-28 23:48:46 - [TEST_STEP][PASSED] - openBrowser(""): Browser is opened with url: ''

2023-07-28 23:48:46 - [MESSAGE][INFO] - Starting 'Edge Chromium' driver

2023-07-28 23:48:48 - [MESSAGE][INFO] - Action delay is set to 0 milliseconds

2023-07-28 23:48:50 - [MESSAGE][PASSED] - Browser is opened with url: ''

2023-07-28 23:48:50 - [TEST_STEP][PASSED] - navigateToUrl("https://www.saucedemo.com/"): Navigate to 'https://www.saucedemo.com/' successfully

2023-07-28 23:48:54 - [MESSAGE][PASSED] - Navigate to 'https://www.saucedemo.com/' successfully

2023-07-28 23:48:54 - [TEST_STEP][PASSED] - setText(findTestObject("Login/Fld-Username"), username): Text 'standard_user' is set on object 'Object Repository/Login/Fld-Username'

2023-07-28 23:48:55 - [MESSAGE][PASSED] - Text 'standard_user' is set on object 'Object Repository/Login/Fld-Username'

2023-07-28 23:48:55 - [TEST_STEP][PASSED] - setText(findTestObject("Login/Fld-Password"), password): Text 'secret_sauce' is set on object 'Object Repository/Login/Fld-Password'

2023-07-28 23:48:56 - [MESSAGE][PASSED] - Text 'secret_sauce' is set on object 'Object Repository/Login/Fld-Password'

2023-07-28 23:48:56 - [TEST_STEP][PASSED] - click(findTestObject("Login/Btn-Login")): Object: 'Object Repository/Login/Btn-Login' is clicked on

2023-07-28 23:48:57 - [MESSAGE][PASSED] - Object: 'Object Repository/Login/Btn-Login' is clicked on

2023-07-28 23:48:57 - [MESSAGE][PASSED] - Call Test Case 'Test Cases/Login' successfully

2023-07-28 23:48:57 - [TEST_STEP][PASSED] - selectOptionByValue(findTestObject("Home/Sorting"), "za", false): All options with value 'za' are selected in object 'Object Repository/Home/Sorting' 

2023-07-28 23:48:59 - [MESSAGE][PASSED] - All options with value 'za' are selected in object 'Object Repository/Home/Sorting' 

2023-07-28 23:48:59 - [TEST_STEP][PASSED] - closeBrowser(): Browser is closed

2023-07-28 23:49:00 - [MESSAGE][PASSED] - Browser is closed]]></system-out>
         <system-err><![CDATA[]]></system-err>
      </testcase>
      <testcase name="Test Cases/S02 - Homepage/9 - Detail product" time="15.238" classname="Test Cases/S02 - Homepage/9 - Detail product" status="PASSED">
         <system-out><![CDATA[2023-07-28 23:49:00 - [TEST_CASE][PASSED] - Test Cases/S02 - Homepage/9 - Detail product: Test Cases/S02 - Homepage/9 - Detail product

2023-07-28 23:49:01 - [TEST_STEP][PASSED] - callTestCase(findTestCase("Login"), [:], STOP_ON_FAILURE): Call Test Case 'Test Cases/Login' successfully

2023-07-28 23:49:01 - [TEST_CASE][PASSED] - Test Cases/Login: Test Cases/Login

2023-07-28 23:49:01 - [TEST_STEP][PASSED] - openBrowser(""): Browser is opened with url: ''

2023-07-28 23:49:01 - [MESSAGE][INFO] - Starting 'Edge Chromium' driver

2023-07-28 23:49:03 - [MESSAGE][INFO] - Action delay is set to 0 milliseconds

2023-07-28 23:49:06 - [MESSAGE][PASSED] - Browser is opened with url: ''

2023-07-28 23:49:06 - [TEST_STEP][PASSED] - navigateToUrl("https://www.saucedemo.com/"): Navigate to 'https://www.saucedemo.com/' successfully

2023-07-28 23:49:10 - [MESSAGE][PASSED] - Navigate to 'https://www.saucedemo.com/' successfully

2023-07-28 23:49:10 - [TEST_STEP][PASSED] - setText(findTestObject("Login/Fld-Username"), username): Text 'standard_user' is set on object 'Object Repository/Login/Fld-Username'

2023-07-28 23:49:11 - [MESSAGE][PASSED] - Text 'standard_user' is set on object 'Object Repository/Login/Fld-Username'

2023-07-28 23:49:11 - [TEST_STEP][PASSED] - setText(findTestObject("Login/Fld-Password"), password): Text 'secret_sauce' is set on object 'Object Repository/Login/Fld-Password'

2023-07-28 23:49:12 - [MESSAGE][PASSED] - Text 'secret_sauce' is set on object 'Object Repository/Login/Fld-Password'

2023-07-28 23:49:12 - [TEST_STEP][PASSED] - click(findTestObject("Login/Btn-Login")): Object: 'Object Repository/Login/Btn-Login' is clicked on

2023-07-28 23:49:13 - [MESSAGE][PASSED] - Object: 'Object Repository/Login/Btn-Login' is clicked on

2023-07-28 23:49:13 - [MESSAGE][PASSED] - Call Test Case 'Test Cases/Login' successfully

2023-07-28 23:49:13 - [TEST_STEP][PASSED] - click(findTestObject("Home/Sauce Labs Backpack")): Object: 'Object Repository/Home/Sauce Labs Backpack' is clicked on

2023-07-28 23:49:14 - [MESSAGE][PASSED] - Object: 'Object Repository/Home/Sauce Labs Backpack' is clicked on

2023-07-28 23:49:14 - [TEST_STEP][PASSED] - closeBrowser(): Browser is closed

2023-07-28 23:49:15 - [MESSAGE][PASSED] - Browser is closed]]></system-out>
         <system-err><![CDATA[]]></system-err>
      </testcase>
      <system-out><![CDATA[2023-07-28 23:47:10 - [TEST_SUITE][PASSED] - 2 - Home page test: Test Cases/S02 - Homepage/9 - Detail product]]></system-out>
      <system-err><![CDATA[]]></system-err>
   </testsuite>
</testsuites>
